#
# There is insufficient memory for the Java Runtime Environment to continue.
# Native memory allocation (malloc) failed to allocate 1048576 bytes for AllocateHeap
# Possible reasons:
#   The system is out of physical RAM or swap space
#   In 32 bit mode, the process size limit was hit
# Possible solutions:
#   Reduce memory load on the system
#   Increase physical memory or swap space
#   Check if swap backing store is full
#   Use 64 bit Java on a 64 bit OS
#   Decrease Java heap size (-Xmx/-Xms)
#   Decrease number of Java threads
#   Decrease Java thread stack sizes (-Xss)
#   Set larger code cache with -XX:ReservedCodeCacheSize=
# This output file may be truncated or incomplete.
#
#  Out of Memory Error (memory/allocation.inline.hpp:61), pid=14232, tid=0x0000000000003074
#
# JRE version:  (8.0_144-b01) (build )
# Java VM: Java HotSpot(TM) 64-Bit Server VM (25.144-b01 mixed mode windows-amd64 compressed oops)
# Failed to write core dump. Minidumps are not enabled by default on client versions of Windows
#

---------------  T H R E A D  ---------------

Current thread (0x0000000002ef0800):  JavaThread "Unknown thread" [_thread_in_vm, id=12404, stack(0x0000000002df0000,0x0000000002ef0000)]

Stack: [0x0000000002df0000,0x0000000002ef0000]
[error occurred during error reporting (printing stack bounds), id 0xc0000005]

Native frames: (J=compiled Java code, j=interpreted, Vv=VM code, C=native code)


---------------  P R O C E S S  ---------------

Java Threads: ( => current thread )

Other Threads:

=>0x0000000002ef0800 (exited) JavaThread "Unknown thread" [_thread_in_vm, id=12404, stack(0x0000000002df0000,0x0000000002ef0000)]

VM state:not at safepoint (normal execution)

VM Mutex/Monitor currently owned by a thread: None

Heap:
 PSYoungGen      total 18944K, used 327K [0x00000000eb180000, 0x00000000ec680000, 0x0000000100000000)
  eden space 16384K, 2% used [0x00000000eb180000,0x00000000eb1d1ec8,0x00000000ec180000)
  from space 2560K, 0% used [0x00000000ec400000,0x00000000ec400000,0x00000000ec680000)
  to   space 2560K, 0% used [0x00000000ec180000,0x00000000ec180000,0x00000000ec400000)
 ParOldGen       total 44032K, used 0K [0x00000000c1400000, 0x00000000c3f00000, 0x00000000eb180000)
  object space 44032K, 0% used [0x00000000c1400000,0x00000000c1400000,0x00000000c3f00000)
 Metaspace       used 746K, capacity 4480K, committed 4480K, reserved 1056768K
  class space    used 75K, capacity 384K, committed 384K, reserved 1048576K

Card table byte_map: [0x00000000123b0000,0x00000000125b0000] byte_map_base: 0x0000000011da6000

Marking Bits: (ParMarkBitMap*) 0x000000005d47d850
 Begin Bits: [0x0000000012b00000, 0x0000000013ab0000)
 End Bits:   [0x0000000013ab0000, 0x0000000014a60000)

Polling page: 0x0000000001590000

CodeCache: size=245760Kb used=327Kb max_used=327Kb free=245432Kb
 bounds [0x0000000002ff0000, 0x0000000003260000, 0x0000000011ff0000]
 total_blobs=57 nmethods=0 adapters=38
 compilation: enabled

Compilation events (0 events):
No events

GC Heap History (0 events):
No events

Deoptimization events (0 events):
No events

Internal exceptions (0 events):
No events

Events (10 events):
Event: 0.061 loading class java/lang/Short
Event: 0.061 loading class java/lang/Short done
Event: 0.061 loading class java/lang/Integer
Event: 0.061 loading class java/lang/Integer done
Event: 0.061 loading class java/lang/Long
Event: 0.061 loading class java/lang/Long done
Event: 0.063 loading class java/lang/NullPointerException
Event: 0.063 loading class java/lang/NullPointerException done
Event: 0.063 loading class java/lang/ArithmeticException
Event: 0.063 loading class java/lang/ArithmeticException done


Dynamic libraries:
0x00007ff699fe0000 - 0x00007ff69a017000 	C:\Program Files\Java\jre1.8.0_144\bin\javaw.exe
0x00007ffd7f050000 - 0x00007ffd7f222000 	C:\Windows\SYSTEM32\ntdll.dll
0x00007ffd7c900000 - 0x00007ffd7c9ac000 	C:\Windows\System32\KERNEL32.DLL
0x00007ffd7c0d0000 - 0x00007ffd7c2ed000 	C:\Windows\System32\KERNELBASE.dll
0x00007ffd7cb80000 - 0x00007ffd7cc22000 	C:\Windows\System32\ADVAPI32.dll
0x00007ffd7c860000 - 0x00007ffd7c8fe000 	C:\Windows\System32\msvcrt.dll
0x00007ffd7edd0000 - 0x00007ffd7ee29000 	C:\Windows\System32\sechost.dll
0x00007ffd7d620000 - 0x00007ffd7d741000 	C:\Windows\System32\RPCRT4.dll
0x00007ffd7ca10000 - 0x00007ffd7cb75000 	C:\Windows\System32\USER32.dll
0x00007ffd7c2f0000 - 0x00007ffd7c30e000 	C:\Windows\System32\win32u.dll
0x00007ffd7ef70000 - 0x00007ffd7efa4000 	C:\Windows\System32\GDI32.dll
0x00007ffd7be50000 - 0x00007ffd7bfd0000 	C:\Windows\System32\gdi32full.dll
0x00007ffd70e50000 - 0x00007ffd710ca000 	C:\Windows\WinSxS\amd64_microsoft.windows.common-controls_6595b64144ccf1df_6.0.14393.953_none_42151e83c686086b\COMCTL32.dll
0x00007ffd7cda0000 - 0x00007ffd7d068000 	C:\Windows\System32\combase.dll
0x00007ffd7bfd0000 - 0x00007ffd7c0c5000 	C:\Windows\System32\ucrtbase.dll
0x00007ffd7b650000 - 0x00007ffd7b6ba000 	C:\Windows\System32\bcryptPrimitives.dll
0x00007ffd7eda0000 - 0x00007ffd7edce000 	C:\Windows\System32\IMM32.DLL
0x000000005cb80000 - 0x000000005cc52000 	C:\Program Files\Java\jre1.8.0_144\bin\msvcr100.dll
0x000000005cc60000 - 0x000000005d4fd000 	C:\Program Files\Java\jre1.8.0_144\bin\server\jvm.dll
0x00007ffd7c780000 - 0x00007ffd7c788000 	C:\Windows\System32\PSAPI.DLL
0x00007ffd6c6c0000 - 0x00007ffd6c6ca000 	C:\Windows\SYSTEM32\VERSION.dll
0x00007ffd75ca0000 - 0x00007ffd75ca9000 	C:\Windows\SYSTEM32\WSOCK32.dll
0x00007ffd79a00000 - 0x00007ffd79a23000 	C:\Windows\SYSTEM32\WINMM.dll
0x00007ffd7ec60000 - 0x00007ffd7ecca000 	C:\Windows\System32\WS2_32.dll
0x00007ffd799d0000 - 0x00007ffd799fb000 	C:\Windows\SYSTEM32\WINMMBASE.dll
0x00007ffd7b600000 - 0x00007ffd7b642000 	C:\Windows\System32\cfgmgr32.dll
0x000000005cb70000 - 0x000000005cb7f000 	C:\Program Files\Java\jre1.8.0_144\bin\verify.dll
0x000000005cb40000 - 0x000000005cb69000 	C:\Program Files\Java\jre1.8.0_144\bin\java.dll
0x000000005cb20000 - 0x000000005cb36000 	C:\Program Files\Java\jre1.8.0_144\bin\zip.dll

VM Arguments:
jvm_args: -Dfile.encoding=Cp1252 
java_command: main.java.demo.TicTacToeDemo
java_class_path (initial): C:\Users\ATL\eclipse-workspace\TicTacToe\bin
Launcher Type: SUN_STANDARD

Environment Variables:
PATH=C:/Program Files/Java/jre1.8.0_144/bin/server;C:/Program Files/Java/jre1.8.0_144/bin;C:/Program Files/Java/jre1.8.0_144/lib/amd64;C:\ProgramData\Oracle\Java\javapath;C:\Windows\system32;C:\Windows;C:\Windows\System32\Wbem;C:\Windows\System32\WindowsPowerShell\v1.0\;C:\Users\ATL\AppData\Local\Microsoft\WindowsApps;C:\Users\ATL\AppData\Local\GitHubDesktop\bin;C:\Windows\System32;
USERNAME=ATL
OS=Windows_NT
PROCESSOR_IDENTIFIER=Intel64 Family 6 Model 76 Stepping 4, GenuineIntel



---------------  S Y S T E M  ---------------

OS: Windows 10.0 , 64 bit Build 14393 (10.0.14393.1198)

CPU:total 4 (initial active 4) (4 cores per cpu, 1 threads per core) family 6 model 76 stepping 4, cmov, cx8, fxsr, mmx, sse, sse2, sse3, ssse3, sse4.1, sse4.2, popcnt, aes, clmul, erms, 3dnowpref, tsc, tscinvbit

Memory: 4k page, physical 4106344k(697392k free), swap 11640676k(5860k free)

vm_info: Java HotSpot(TM) 64-Bit Server VM (25.144-b01) for windows-amd64 JRE (1.8.0_144-b01), built on Jul 21 2017 21:57:33 by "java_re" with MS VC++ 10.0 (VS2010)

time: Thu Nov 02 22:53:17 2017
elapsed time: 0 seconds (0d 0h 0m 0s)

